Determining if the pthread_create exist failed with the following output:
Change Dir: /home/dyutimoy/image_handling_ws/src/circle_det/CMakeFiles/CMakeTmp

Run Build Command:"/usr/bin/make" "cmTC_a406b/fast"
/usr/bin/make -f CMakeFiles/cmTC_a406b.dir/build.make CMakeFiles/cmTC_a406b.dir/build
make[1]: Entering directory '/home/dyutimoy/image_handling_ws/src/circle_det/CMakeFiles/CMakeTmp'
Building C object CMakeFiles/cmTC_a406b.dir/CheckSymbolExists.c.o
/usr/bin/gcc     -o CMakeFiles/cmTC_a406b.dir/CheckSymbolExists.c.o   -c /home/dyutimoy/image_handling_ws/src/circle_det/CMakeFiles/CMakeTmp/CheckSymbolExists.c
Linking C executable cmTC_a406b
/usr/bin/cmake -E cmake_link_script CMakeFiles/cmTC_a406b.dir/link.txt --verbose=1
/usr/bin/gcc       CMakeFiles/cmTC_a406b.dir/CheckSymbolExists.c.o  -o cmTC_a406b -rdynamic 
CMakeFiles/cmTC_a406b.dir/CheckSymbolExists.c.o: In function `main':
CheckSymbolExists.c:(.text+0x16): undefined reference to `pthread_create'
collect2: error: ld returned 1 exit status
CMakeFiles/cmTC_a406b.dir/build.make:97: recipe for target 'cmTC_a406b' failed
make[1]: *** [cmTC_a406b] Error 1
make[1]: Leaving directory '/home/dyutimoy/image_handling_ws/src/circle_det/CMakeFiles/CMakeTmp'
Makefile:126: recipe for target 'cmTC_a406b/fast' failed
make: *** [cmTC_a406b/fast] Error 2

File /home/dyutimoy/image_handling_ws/src/circle_det/CMakeFiles/CMakeTmp/CheckSymbolExists.c:
/* */
#include <pthread.h>

int main(int argc, char** argv)
{
  (void)argv;
#ifndef pthread_create
  return ((int*)(&pthread_create))[argc];
#else
  (void)argc;
  return 0;
#endif
}

Determining if the function pthread_create exists in the pthreads failed with the following output:
Change Dir: /home/dyutimoy/image_handling_ws/src/circle_det/CMakeFiles/CMakeTmp

Run Build Command:"/usr/bin/make" "cmTC_b8ad7/fast"
/usr/bin/make -f CMakeFiles/cmTC_b8ad7.dir/build.make CMakeFiles/cmTC_b8ad7.dir/build
make[1]: Entering directory '/home/dyutimoy/image_handling_ws/src/circle_det/CMakeFiles/CMakeTmp'
Building C object CMakeFiles/cmTC_b8ad7.dir/CheckFunctionExists.c.o
/usr/bin/gcc    -DCHECK_FUNCTION_EXISTS=pthread_create   -o CMakeFiles/cmTC_b8ad7.dir/CheckFunctionExists.c.o   -c /usr/share/cmake-3.5/Modules/CheckFunctionExists.c
Linking C executable cmTC_b8ad7
/usr/bin/cmake -E cmake_link_script CMakeFiles/cmTC_b8ad7.dir/link.txt --verbose=1
/usr/bin/gcc   -DCHECK_FUNCTION_EXISTS=pthread_create    CMakeFiles/cmTC_b8ad7.dir/CheckFunctionExists.c.o  -o cmTC_b8ad7 -rdynamic -lpthreads 
/usr/bin/ld: cannot find -lpthreads
collect2: error: ld returned 1 exit status
CMakeFiles/cmTC_b8ad7.dir/build.make:97: recipe for target 'cmTC_b8ad7' failed
make[1]: *** [cmTC_b8ad7] Error 1
make[1]: Leaving directory '/home/dyutimoy/image_handling_ws/src/circle_det/CMakeFiles/CMakeTmp'
Makefile:126: recipe for target 'cmTC_b8ad7/fast' failed
make: *** [cmTC_b8ad7/fast] Error 2


